[2017-09-11 17:36:10] production.ERROR: exception 'RuntimeException' with message 'The only supported ciphers are AES-128-CBC and AES-256-CBC with the correct key lengths.' in C:\xampp\htdocs\kaober\vendor\laravel\framework\src\Illuminate\Encryption\Encrypter.php:43
Stack trace:
#0 C:\xampp\htdocs\kaober\vendor\laravel\framework\src\Illuminate\Encryption\EncryptionServiceProvider.php(27): Illuminate\Encryption\Encrypter->__construct(NULL, 'AES-256-CBC')
#1 C:\xampp\htdocs\kaober\vendor\laravel\framework\src\Illuminate\Container\Container.php(716): Illuminate\Encryption\EncryptionServiceProvider->Illuminate\Encryption\{closure}(Object(Illuminate\Foundation\Application), Array)
#2 C:\xampp\htdocs\kaober\vendor\laravel\framework\src\Illuminate\Container\Container.php(598): Illuminate\Container\Container->build(Object(Closure))
#3 C:\xampp\htdocs\kaober\vendor\laravel\framework\src\Illuminate\Container\Container.php(567): Illuminate\Container\Container->resolve('encrypter')
#4 C:\xampp\htdocs\kaober\vendor\laravel\framework\src\Illuminate\Foundation\Application.php(708): Illuminate\Container\Container->make('encrypter')
#5 C:\xampp\htdocs\kaober\vendor\laravel\framework\src\Illuminate\Container\Container.php(1139): Illuminate\Foundation\Application->make('encrypter')
#6 C:\xampp\htdocs\kaober\vendor\laravel\framework\src\Illuminate\Session\SessionManager.php(182): Illuminate\Container\Container->offsetGet('encrypter')
#7 C:\xampp\htdocs\kaober\vendor\laravel\framework\src\Illuminate\Session\SessionManager.php(167): Illuminate\Session\SessionManager->buildEncryptedSession(Object(Illuminate\Session\FileSessionHandler))
#8 C:\xampp\htdocs\kaober\vendor\laravel\framework\src\Illuminate\Session\SessionManager.php(64): Illuminate\Session\SessionManager->buildSession(Object(Illuminate\Session\FileSessionHandler))
#9 C:\xampp\htdocs\kaober\vendor\laravel\framework\src\Illuminate\Session\SessionManager.php(50): Illuminate\Session\SessionManager->createNativeDriver()
#10 C:\xampp\htdocs\kaober\vendor\laravel\framework\src\Illuminate\Support\Manager.php(88): Illuminate\Session\SessionManager->createFileDriver()
#11 C:\xampp\htdocs\kaober\vendor\laravel\framework\src\Illuminate\Support\Manager.php(63): Illuminate\Support\Manager->createDriver('file')
#12 C:\xampp\htdocs\kaober\vendor\laravel\framework\src\Illuminate\Support\Manager.php(138): Illuminate\Support\Manager->driver()
#13 C:\xampp\htdocs\kaober\vendor\laravel\framework\src\Illuminate\Support\Facades\Facade.php(221): Illuminate\Support\Manager->__call('has', Array)
#14 C:\xampp\htdocs\kaober\vendor\laravel\framework\src\Illuminate\Support\Facades\Facade.php(221): Illuminate\Session\SessionManager->has('locale')
#15 C:\xampp\htdocs\kaober\app\Http\Middleware\LanguageSelector.php(22): Illuminate\Support\Facades\Facade::__callStatic('has', Array)
#16 C:\xampp\htdocs\kaober\app\Http\Middleware\LanguageSelector.php(22): Illuminate\Support\Facades\Session::has('locale')
#17 C:\xampp\htdocs\kaober\vendor\laravel\framework\src\Illuminate\Pipeline\Pipeline.php(148): App\Http\Middleware\LanguageSelector->handle(Object(Illuminate\Http\Request), Object(Closure))
#18 C:\xampp\htdocs\kaober\vendor\laravel\framework\src\Illuminate\Routing\Pipeline.php(53): Illuminate\Pipeline\Pipeline->Illuminate\Pipeline\{closure}(Object(Illuminate\Http\Request))
#19 C:\xampp\htdocs\kaober\vendor\laravel\framework\src\Illuminate\Foundation\Http\Middleware\TransformsRequest.php(30): Illuminate\Routing\Pipeline->Illuminate\Routing\{closure}(Object(Illuminate\Http\Request))
#20 C:\xampp\htdocs\kaober\vendor\laravel\framework\src\Illuminate\Pipeline\Pipeline.php(148): Illuminate\Foundation\Http\Middleware\TransformsRequest->handle(Object(Illuminate\Http\Request), Object(Closure))
#21 C:\xampp\htdocs\kaober\vendor\laravel\framework\src\Illuminate\Routing\Pipeline.php(53): Illuminate\Pipeline\Pipeline->Illuminate\Pipeline\{closure}(Object(Illuminate\Http\Request))
#22 C:\xampp\htdocs\kaober\vendor\laravel\framework\src\Illuminate\Foundation\Http\Middleware\TransformsRequest.php(30): Illuminate\Routing\Pipeline->Illuminate\Routing\{closure}(Object(Illuminate\Http\Request))
#23 C:\xampp\htdocs\kaober\vendor\laravel\framework\src\Illuminate\Pipeline\Pipeline.php(148): Illuminate\Foundation\Http\Middleware\TransformsRequest->handle(Object(Illuminate\Http\Request), Object(Closure))
#24 C:\xampp\htdocs\kaober\vendor\laravel\framework\src\Illuminate\Routing\Pipeline.php(53): Illuminate\Pipeline\Pipeline->Illuminate\Pipeline\{closure}(Object(Illuminate\Http\Request))
#25 C:\xampp\htdocs\kaober\vendor\laravel\framework\src\Illuminate\Foundation\Http\Middleware\ValidatePostSize.php(27): Illuminate\Routing\Pipeline->Illuminate\Routing\{closure}(Object(Illuminate\Http\Request))
#26 C:\xampp\htdocs\kaober\vendor\laravel\framework\src\Illuminate\Pipeline\Pipeline.php(148): Illuminate\Foundation\Http\Middleware\ValidatePostSize->handle(Object(Illuminate\Http\Request), Object(Closure))
#27 C:\xampp\htdocs\kaober\vendor\laravel\framework\src\Illuminate\Routing\Pipeline.php(53): Illuminate\Pipeline\Pipeline->Illuminate\Pipeline\{closure}(Object(Illuminate\Http\Request))
#28 C:\xampp\htdocs\kaober\vendor\laravel\framework\src\Illuminate\Foundation\Http\Middleware\CheckForMaintenanceMode.php(46): Illuminate\Routing\Pipeline->Illuminate\Routing\{closure}(Object(Illuminate\Http\Request))
#29 C:\xampp\htdocs\kaober\vendor\laravel\framework\src\Illuminate\Pipeline\Pipeline.php(148): Illuminate\Foundation\Http\Middleware\CheckForMaintenanceMode->handle(Object(Illuminate\Http\Request), Object(Closure))
#30 C:\xampp\htdocs\kaober\vendor\laravel\framework\src\Illuminate\Routing\Pipeline.php(53): Illuminate\Pipeline\Pipeline->Illuminate\Pipeline\{closure}(Object(Illuminate\Http\Request))
#31 C:\xampp\htdocs\kaober\vendor\laravel\framework\src\Illuminate\Pipeline\Pipeline.php(102): Illuminate\Routing\Pipeline->Illuminate\Routing\{closure}(Object(Illuminate\Http\Request))
#32 C:\xampp\htdocs\kaober\vendor\laravel\framework\src\Illuminate\Foundation\Http\Kernel.php(149): Illuminate\Pipeline\Pipeline->then(Object(Closure))
#33 C:\xampp\htdocs\kaober\vendor\laravel\framework\src\Illuminate\Foundation\Http\Kernel.php(116): Illuminate\Foundation\Http\Kernel->sendRequestThroughRouter(Object(Illuminate\Http\Request))
#34 C:\xampp\htdocs\kaober\public\index.php(54): Illuminate\Foundation\Http\Kernel->handle(Object(Illuminate\Http\Request))
#35 {main}  
