[2017-08-17 01:24:33] local.ERROR: exception 'PDOException' with message 'SQLSTATE[23000]: Integrity constraint violation: 1048 Column 'email' cannot be null' in C:\xampp\htdocs\kaober\vendor\laravel\framework\src\Illuminate\Database\Connection.php:449
Stack trace:
#0 C:\xampp\htdocs\kaober\vendor\laravel\framework\src\Illuminate\Database\Connection.php(449): PDOStatement->execute()
#1 C:\xampp\htdocs\kaober\vendor\laravel\framework\src\Illuminate\Database\Connection.php(640): Illuminate\Database\Connection->Illuminate\Database\{closure}('insert into `us...', Array)
#2 C:\xampp\htdocs\kaober\vendor\laravel\framework\src\Illuminate\Database\Connection.php(607): Illuminate\Database\Connection->runQueryCallback('insert into `us...', Array, Object(Closure))
#3 C:\xampp\htdocs\kaober\vendor\laravel\framework\src\Illuminate\Database\Connection.php(450): Illuminate\Database\Connection->run('insert into `us...', Array, Object(Closure))
#4 C:\xampp\htdocs\kaober\vendor\laravel\framework\src\Illuminate\Database\Connection.php(404): Illuminate\Database\Connection->statement('insert into `us...', Array)
#5 C:\xampp\htdocs\kaober\vendor\laravel\framework\src\Illuminate\Database\Query\Processors\Processor.php(32): Illuminate\Database\Connection->insert('insert into `us...', Array)
#6 C:\xampp\htdocs\kaober\vendor\laravel\framework\src\Illuminate\Database\Query\Builder.php(2131): Illuminate\Database\Query\Processors\Processor->processInsertGetId(Object(Illuminate\Database\Query\Builder), 'insert into `us...', Array, 'id')
#7 C:\xampp\htdocs\kaober\vendor\laravel\framework\src\Illuminate\Database\Eloquent\Builder.php(1236): Illuminate\Database\Query\Builder->insertGetId(Array, 'id')
#8 C:\xampp\htdocs\kaober\vendor\laravel\framework\src\Illuminate\Database\Eloquent\Model.php(677): Illuminate\Database\Eloquent\Builder->__call('insertGetId', Array)
#9 C:\xampp\htdocs\kaober\vendor\laravel\framework\src\Illuminate\Database\Eloquent\Model.php(677): Illuminate\Database\Eloquent\Builder->insertGetId(Array, 'id')
#10 C:\xampp\htdocs\kaober\vendor\laravel\framework\src\Illuminate\Database\Eloquent\Model.php(642): Illuminate\Database\Eloquent\Model->insertAndSetId(Object(Illuminate\Database\Eloquent\Builder), Array)
#11 C:\xampp\htdocs\kaober\vendor\laravel\framework\src\Illuminate\Database\Eloquent\Model.php(511): Illuminate\Database\Eloquent\Model->performInsert(Object(Illuminate\Database\Eloquent\Builder))
#12 C:\xampp\htdocs\kaober\vendor\laravel\framework\src\Illuminate\Database\Eloquent\Builder.php(724): Illuminate\Database\Eloquent\Model->save()
#13 C:\xampp\htdocs\kaober\vendor\laravel\framework\src\Illuminate\Support\helpers.php(883): Illuminate\Database\Eloquent\Builder->Illuminate\Database\Eloquent\{closure}(Object(Modules\Version1\Entities\User))
#14 C:\xampp\htdocs\kaober\vendor\laravel\framework\src\Illuminate\Database\Eloquent\Builder.php(725): tap(Object(Modules\Version1\Entities\User), Object(Closure))
#15 C:\xampp\htdocs\kaober\vendor\laravel\framework\src\Illuminate\Database\Eloquent\Model.php(1332): Illuminate\Database\Eloquent\Builder->create(Array)
#16 C:\xampp\htdocs\kaober\vendor\laravel\framework\src\Illuminate\Database\Eloquent\Model.php(1344): Illuminate\Database\Eloquent\Model->__call('create', Array)
#17 C:\xampp\htdocs\kaober\vendor\laravel\framework\src\Illuminate\Database\Eloquent\Model.php(1344): Modules\Version1\Entities\User->create(Array)
#18 C:\xampp\htdocs\kaober\Modules\Version1\Http\Controllers\FacebookController.php(66): Illuminate\Database\Eloquent\Model::__callStatic('create', Array)
#19 C:\xampp\htdocs\kaober\Modules\Version1\Http\Controllers\FacebookController.php(66): Modules\Version1\Entities\User::create(Array)
#20 C:\xampp\htdocs\kaober\Modules\Version1\Http\Controllers\FacebookController.php(40): Modules\Version1\Http\Controllers\FacebookController->findOrCreateUser(Object(Laravel\Socialite\Two\User))
#21 [internal function]: Modules\Version1\Http\Controllers\FacebookController->handleProviderCallback()
#22 C:\xampp\htdocs\kaober\vendor\laravel\framework\src\Illuminate\Routing\Controller.php(55): call_user_func_array(Array, Array)
#23 C:\xampp\htdocs\kaober\vendor\laravel\framework\src\Illuminate\Routing\ControllerDispatcher.php(44): Illuminate\Routing\Controller->callAction('handleProviderC...', Array)
#24 C:\xampp\htdocs\kaober\vendor\laravel\framework\src\Illuminate\Routing\Route.php(204): Illuminate\Routing\ControllerDispatcher->dispatch(Object(Illuminate\Routing\Route), Object(Modules\Version1\Http\Controllers\FacebookController), 'handleProviderC...')
#25 C:\xampp\htdocs\kaober\vendor\laravel\framework\src\Illuminate\Routing\Route.php(160): Illuminate\Routing\Route->runController()
#26 C:\xampp\htdocs\kaober\vendor\laravel\framework\src\Illuminate\Routing\Router.php(559): Illuminate\Routing\Route->run()
#27 C:\xampp\htdocs\kaober\vendor\laravel\framework\src\Illuminate\Routing\Pipeline.php(30): Illuminate\Routing\Router->Illuminate\Routing\{closure}(Object(Illuminate\Http\Request))
#28 C:\xampp\htdocs\kaober\vendor\laravel\framework\src\Illuminate\Routing\Middleware\SubstituteBindings.php(41): Illuminate\Routing\Pipeline->Illuminate\Routing\{closure}(Object(Illuminate\Http\Request))
#29 C:\xampp\htdocs\kaober\vendor\laravel\framework\src\Illuminate\Pipeline\Pipeline.php(148): Illuminate\Routing\Middleware\SubstituteBindings->handle(Object(Illuminate\Http\Request), Object(Closure))
#30 C:\xampp\htdocs\kaober\vendor\laravel\framework\src\Illuminate\Routing\Pipeline.php(53): Illuminate\Pipeline\Pipeline->Illuminate\Pipeline\{closure}(Object(Illuminate\Http\Request))
#31 C:\xampp\htdocs\kaober\vendor\laravel\framework\src\Illuminate\Foundation\Http\Middleware\VerifyCsrfToken.php(65): Illuminate\Routing\Pipeline->Illuminate\Routing\{closure}(Object(Illuminate\Http\Request))
#32 C:\xampp\htdocs\kaober\vendor\laravel\framework\src\Illuminate\Pipeline\Pipeline.php(148): Illuminate\Foundation\Http\Middleware\VerifyCsrfToken->handle(Object(Illuminate\Http\Request), Object(Closure))
#33 C:\xampp\htdocs\kaober\vendor\laravel\framework\src\Illuminate\Routing\Pipeline.php(53): Illuminate\Pipeline\Pipeline->Illuminate\Pipeline\{closure}(Object(Illuminate\Http\Request))
#34 C:\xampp\htdocs\kaober\vendor\laravel\framework\src\Illuminate\View\Middleware\ShareErrorsFromSession.php(49): Illuminate\Routing\Pipeline->Illuminate\Routing\{closure}(Object(Illuminate\Http\Request))
#35 C:\xampp\htdocs\kaober\vendor\laravel\framework\src\Illuminate\Pipeline\Pipeline.php(148): Illuminate\View\Middleware\ShareErrorsFromSession->handle(Object(Illuminate\Http\Request), Object(Closure))
#36 C:\xampp\htdocs\kaober\vendor\laravel\framework\src\Illuminate\Routing\Pipeline.php(53): Illuminate\Pipeline\Pipeline->Illuminate\Pipeline\{closure}(Object(Illuminate\Http\Request))
#37 C:\xampp\htdocs\kaober\vendor\laravel\framework\src\Illuminate\Session\Middleware\StartSession.php(64): Illuminate\Routing\Pipeline->Illuminate\Routing\{closure}(Object(Illuminate\Http\Request))
#38 C:\xampp\htdocs\kaober\vendor\laravel\framework\src\Illuminate\Pipeline\Pipeline.php(148): Illuminate\Session\Middleware\StartSession->handle(Object(Illuminate\Http\Request), Object(Closure))
#39 C:\xampp\htdocs\kaober\vendor\laravel\framework\src\Illuminate\Routing\Pipeline.php(53): Illuminate\Pipeline\Pipeline->Illuminate\Pipeline\{closure}(Object(Illuminate\Http\Request))
#40 C:\xampp\htdocs\kaober\vendor\laravel\framework\src\Illuminate\Cookie\Middleware\AddQueuedCookiesToResponse.php(37): Illuminate\Routing\Pipeline->Illuminate\Routing\{closure}(Object(Illuminate\Http\Request))
#41 C:\xampp\htdocs\kaober\vendor\laravel\framework\src\Illuminate\Pipeline\Pipeline.php(148): Illuminate\Cookie\Middleware\AddQueuedCookiesToResponse->handle(Object(Illuminate\Http\Request), Object(Closure))
#42 C:\xampp\htdocs\kaober\vendor\laravel\framework\src\Illuminate\Routing\Pipeline.php(53): Illuminate\Pipeline\Pipeline->Illuminate\Pipeline\{closure}(Object(Illuminate\Http\Request))
#43 C:\xampp\htdocs\kaober\vendor\laravel\framework\src\Illuminate\Cookie\Middleware\EncryptCookies.php(59): Illuminate\Routing\Pipeline->Illuminate\Routing\{closure}(Object(Illuminate\Http\Request))
#44 C:\xampp\htdocs\kaober\vendor\laravel\framework\src\Illuminate\Pipeline\Pipeline.php(148): Illuminate\Cookie\Middleware\EncryptCookies->handle(Object(Illuminate\Http\Request), Object(Closure))
#45 C:\xampp\htdocs\kaober\vendor\laravel\framework\src\Illuminate\Routing\Pipeline.php(53): Illuminate\Pipeline\Pipeline->Illuminate\Pipeline\{closure}(Object(Illuminate\Http\Request))
#46 C:\xampp\htdocs\kaober\vendor\laravel\framework\src\Illuminate\Pipeline\Pipeline.php(102): Illuminate\Routing\Pipeline->Illuminate\Routing\{closure}(Object(Illuminate\Http\Request))
#47 C:\xampp\htdocs\kaober\vendor\laravel\framework\src\Illuminate\Routing\Router.php(561): Illuminate\Pipeline\Pipeline->then(Object(Closure))
#48 C:\xampp\htdocs\kaober\vendor\laravel\framework\src\Illuminate\Routing\Router.php(520): Illuminate\Routing\Router->runRouteWithinStack(Object(Illuminate\Routing\Route), Object(Illuminate\Http\Request))
#49 C:\xampp\htdocs\kaober\vendor\laravel\framework\src\Illuminate\Routing\Router.php(498): Illuminate\Routing\Router->dispatchToRoute(Object(Illuminate\Http\Request))
#50 C:\xampp\htdocs\kaober\vendor\laravel\framework\src\Illuminate\Foundation\Http\Kernel.php(174): Illuminate\Routing\Router->dispatch(Object(Illuminate\Http\Request))
#51 C:\xampp\htdocs\kaober\vendor\laravel\framework\src\Illuminate\Routing\Pipeline.php(30): Illuminate\Foundation\Http\Kernel->Illuminate\Foundation\Http\{closure}(Object(Illuminate\Http\Request))
#52 C:\xampp\htdocs\kaober\app\Http\Middleware\LanguageSelector.php(23): Illuminate\Routing\Pipeline->Illuminate\Routing\{closure}(Object(Illuminate\Http\Request))
#53 C:\xampp\htdocs\kaober\vendor\laravel\framework\src\Illuminate\Pipeline\Pipeline.php(148): App\Http\Middleware\LanguageSelector->handle(Object(Illuminate\Http\Request), Object(Closure))
#54 C:\xampp\htdocs\kaober\vendor\laravel\framework\src\Illuminate\Routing\Pipeline.php(53): Illuminate\Pipeline\Pipeline->Illuminate\Pipeline\{closure}(Object(Illuminate\Http\Request))
#55 C:\xampp\htdocs\kaober\vendor\laravel\framework\src\Illuminate\Foundation\Http\Middleware\TransformsRequest.php(30): Illuminate\Routing\Pipeline->Illuminate\Routing\{closure}(Object(Illuminate\Http\Request))
#56 C:\xampp\htdocs\kaober\vendor\laravel\framework\src\Illuminate\Pipeline\Pipeline.php(148): Illuminate\Foundation\Http\Middleware\TransformsRequest->handle(Object(Illuminate\Http\Request), Object(Closure))
#57 C:\xampp\htdocs\kaober\vendor\laravel\framework\src\Illuminate\Routing\Pipeline.php(53): Illuminate\Pipeline\Pipeline->Illuminate\Pipeline\{closure}(Object(Illuminate\Http\Request))
#58 C:\xampp\htdocs\kaober\vendor\laravel\framework\src\Illuminate\Foundation\Http\Middleware\TransformsRequest.php(30): Illuminate\Routing\Pipeline->Illuminate\Routing\{closure}(Object(Illuminate\Http\Request))
#59 C:\xampp\htdocs\kaober\vendor\laravel\framework\src\Illuminate\Pipeline\Pipeline.php(148): Illuminate\Foundation\Http\Middleware\TransformsRequest->handle(Object(Illuminate\Http\Request), Object(Closure))
#60 C:\xampp\htdocs\kaober\vendor\laravel\framework\src\Illuminate\Routing\Pipeline.php(53): Illuminate\Pipeline\Pipeline->Illuminate\Pipeline\{closure}(Object(Illuminate\Http\Request))
#61 C:\xampp\htdocs\kaober\vendor\laravel\framework\src\Illuminate\Foundation\Http\Middleware\ValidatePostSize.php(27): Illuminate\Routing\Pipeline->Illuminate\Routing\{closure}(Object(Illuminate\Http\Request))
#62 C:\xampp\htdocs\kaober\vendor\laravel\framework\src\Illuminate\Pipeline\Pipeline.php(148): Illuminate\Foundation\Http\Middleware\ValidatePostSize->handle(Object(Illuminate\Http\Request), Object(Closure))
#63 C:\xampp\htdocs\kaober\vendor\laravel\framework\src\Illuminate\Routing\Pipeline.php(53): Illuminate\Pipeline\Pipeline->Illuminate\Pipeline\{closure}(Object(Illuminate\Http\Request))
#64 C:\xampp\htdocs\kaober\vendor\laravel\framework\src\Illuminate\Foundation\Http\Middleware\CheckForMaintenanceMode.php(46): Illuminate\Routing\Pipeline->Illuminate\Routing\{closure}(Object(Illuminate\Http\Request))
#65 C:\xampp\htdocs\kaober\vendor\laravel\framework\src\Illuminate\Pipeline\Pipeline.php(148): Illuminate\Foundation\Http\Middleware\CheckForMaintenanceMode->handle(Object(Illuminate\Http\Request), Object(Closure))
#66 C:\xampp\htdocs\kaober\vendor\laravel\framework\src\Illuminate\Routing\Pipeline.php(53): Illuminate\Pipeline\Pipeline->Illuminate\Pipeline\{closure}(Object(Illuminate\Http\Request))
#67 C:\xampp\htdocs\kaober\vendor\laravel\framework\src\Illuminate\Pipeline\Pipeline.php(102): Illuminate\Routing\Pipeline->Illuminate\Routing\{closure}(Object(Illuminate\Http\Request))
#68 C:\xampp\htdocs\kaober\vendor\laravel\framework\src\Illuminate\Foundation\Http\Kernel.php(149): Illuminate\Pipeline\Pipeline->then(Object(Closure))
#69 C:\xampp\htdocs\kaober\vendor\laravel\framework\src\Illuminate\Foundation\Http\Kernel.php(116): Illuminate\Foundation\Http\Kernel->sendRequestThroughRouter(Object(Illuminate\Http\Request))
#70 C:\xampp\htdocs\kaober\public\index.php(54): Illuminate\Foundation\Http\Kernel->handle(Object(Illuminate\Http\Request))
#71 {main}

Next exception 'Illuminate\Database\QueryException' with message 'SQLSTATE[23000]: Integrity constraint violation: 1048 Column 'email' cannot be null (SQL: insert into `users` (`facebook_id`, `firstname`, `lastname`, `email`, `avatar`, `status`, `password`, `updated_at`, `created_at`) values (952101414929287, Hữu Nam, , , https://graph.facebook.com/v2.9/952101414929287/picture1type=normal, aaaa, 2017-08-17 01:24:32, 2017-08-17 01:24:32, ?))' in C:\xampp\htdocs\kaober\vendor\laravel\framework\src\Illuminate\Database\Connection.php:647
Stack trace:
#0 C:\xampp\htdocs\kaober\vendor\laravel\framework\src\Illuminate\Database\Connection.php(607): Illuminate\Database\Connection->runQueryCallback('insert into `us...', Array, Object(Closure))
#1 C:\xampp\htdocs\kaober\vendor\laravel\framework\src\Illuminate\Database\Connection.php(450): Illuminate\Database\Connection->run('insert into `us...', Array, Object(Closure))
#2 C:\xampp\htdocs\kaober\vendor\laravel\framework\src\Illuminate\Database\Connection.php(404): Illuminate\Database\Connection->statement('insert into `us...', Array)
#3 C:\xampp\htdocs\kaober\vendor\laravel\framework\src\Illuminate\Database\Query\Processors\Processor.php(32): Illuminate\Database\Connection->insert('insert into `us...', Array)
#4 C:\xampp\htdocs\kaober\vendor\laravel\framework\src\Illuminate\Database\Query\Builder.php(2131): Illuminate\Database\Query\Processors\Processor->processInsertGetId(Object(Illuminate\Database\Query\Builder), 'insert into `us...', Array, 'id')
#5 C:\xampp\htdocs\kaober\vendor\laravel\framework\src\Illuminate\Database\Eloquent\Builder.php(1236): Illuminate\Database\Query\Builder->insertGetId(Array, 'id')
#6 C:\xampp\htdocs\kaober\vendor\laravel\framework\src\Illuminate\Database\Eloquent\Model.php(677): Illuminate\Database\Eloquent\Builder->__call('insertGetId', Array)
#7 C:\xampp\htdocs\kaober\vendor\laravel\framework\src\Illuminate\Database\Eloquent\Model.php(677): Illuminate\Database\Eloquent\Builder->insertGetId(Array, 'id')
#8 C:\xampp\htdocs\kaober\vendor\laravel\framework\src\Illuminate\Database\Eloquent\Model.php(642): Illuminate\Database\Eloquent\Model->insertAndSetId(Object(Illuminate\Database\Eloquent\Builder), Array)
#9 C:\xampp\htdocs\kaober\vendor\laravel\framework\src\Illuminate\Database\Eloquent\Model.php(511): Illuminate\Database\Eloquent\Model->performInsert(Object(Illuminate\Database\Eloquent\Builder))
#10 C:\xampp\htdocs\kaober\vendor\laravel\framework\src\Illuminate\Database\Eloquent\Builder.php(724): Illuminate\Database\Eloquent\Model->save()
#11 C:\xampp\htdocs\kaober\vendor\laravel\framework\src\Illuminate\Support\helpers.php(883): Illuminate\Database\Eloquent\Builder->Illuminate\Database\Eloquent\{closure}(Object(Modules\Version1\Entities\User))
#12 C:\xampp\htdocs\kaober\vendor\laravel\framework\src\Illuminate\Database\Eloquent\Builder.php(725): tap(Object(Modules\Version1\Entities\User), Object(Closure))
#13 C:\xampp\htdocs\kaober\vendor\laravel\framework\src\Illuminate\Database\Eloquent\Model.php(1332): Illuminate\Database\Eloquent\Builder->create(Array)
#14 C:\xampp\htdocs\kaober\vendor\laravel\framework\src\Illuminate\Database\Eloquent\Model.php(1344): Illuminate\Database\Eloquent\Model->__call('create', Array)
#15 C:\xampp\htdocs\kaober\vendor\laravel\framework\src\Illuminate\Database\Eloquent\Model.php(1344): Modules\Version1\Entities\User->create(Array)
#16 C:\xampp\htdocs\kaober\Modules\Version1\Http\Controllers\FacebookController.php(66): Illuminate\Database\Eloquent\Model::__callStatic('create', Array)
#17 C:\xampp\htdocs\kaober\Modules\Version1\Http\Controllers\FacebookController.php(66): Modules\Version1\Entities\User::create(Array)
#18 C:\xampp\htdocs\kaober\Modules\Version1\Http\Controllers\FacebookController.php(40): Modules\Version1\Http\Controllers\FacebookController->findOrCreateUser(Object(Laravel\Socialite\Two\User))
#19 [internal function]: Modules\Version1\Http\Controllers\FacebookController->handleProviderCallback()
#20 C:\xampp\htdocs\kaober\vendor\laravel\framework\src\Illuminate\Routing\Controller.php(55): call_user_func_array(Array, Array)
#21 C:\xampp\htdocs\kaober\vendor\laravel\framework\src\Illuminate\Routing\ControllerDispatcher.php(44): Illuminate\Routing\Controller->callAction('handleProviderC...', Array)
#22 C:\xampp\htdocs\kaober\vendor\laravel\framework\src\Illuminate\Routing\Route.php(204): Illuminate\Routing\ControllerDispatcher->dispatch(Object(Illuminate\Routing\Route), Object(Modules\Version1\Http\Controllers\FacebookController), 'handleProviderC...')
#23 C:\xampp\htdocs\kaober\vendor\laravel\framework\src\Illuminate\Routing\Route.php(160): Illuminate\Routing\Route->runController()
#24 C:\xampp\htdocs\kaober\vendor\laravel\framework\src\Illuminate\Routing\Router.php(559): Illuminate\Routing\Route->run()
#25 C:\xampp\htdocs\kaober\vendor\laravel\framework\src\Illuminate\Routing\Pipeline.php(30): Illuminate\Routing\Router->Illuminate\Routing\{closure}(Object(Illuminate\Http\Request))
#26 C:\xampp\htdocs\kaober\vendor\laravel\framework\src\Illuminate\Routing\Middleware\SubstituteBindings.php(41): Illuminate\Routing\Pipeline->Illuminate\Routing\{closure}(Object(Illuminate\Http\Request))
#27 C:\xampp\htdocs\kaober\vendor\laravel\framework\src\Illuminate\Pipeline\Pipeline.php(148): Illuminate\Routing\Middleware\SubstituteBindings->handle(Object(Illuminate\Http\Request), Object(Closure))
#28 C:\xampp\htdocs\kaober\vendor\laravel\framework\src\Illuminate\Routing\Pipeline.php(53): Illuminate\Pipeline\Pipeline->Illuminate\Pipeline\{closure}(Object(Illuminate\Http\Request))
#29 C:\xampp\htdocs\kaober\vendor\laravel\framework\src\Illuminate\Foundation\Http\Middleware\VerifyCsrfToken.php(65): Illuminate\Routing\Pipeline->Illuminate\Routing\{closure}(Object(Illuminate\Http\Request))
#30 C:\xampp\htdocs\kaober\vendor\laravel\framework\src\Illuminate\Pipeline\Pipeline.php(148): Illuminate\Foundation\Http\Middleware\VerifyCsrfToken->handle(Object(Illuminate\Http\Request), Object(Closure))
#31 C:\xampp\htdocs\kaober\vendor\laravel\framework\src\Illuminate\Routing\Pipeline.php(53): Illuminate\Pipeline\Pipeline->Illuminate\Pipeline\{closure}(Object(Illuminate\Http\Request))
#32 C:\xampp\htdocs\kaober\vendor\laravel\framework\src\Illuminate\View\Middleware\ShareErrorsFromSession.php(49): Illuminate\Routing\Pipeline->Illuminate\Routing\{closure}(Object(Illuminate\Http\Request))
#33 C:\xampp\htdocs\kaober\vendor\laravel\framework\src\Illuminate\Pipeline\Pipeline.php(148): Illuminate\View\Middleware\ShareErrorsFromSession->handle(Object(Illuminate\Http\Request), Object(Closure))
#34 C:\xampp\htdocs\kaober\vendor\laravel\framework\src\Illuminate\Routing\Pipeline.php(53): Illuminate\Pipeline\Pipeline->Illuminate\Pipeline\{closure}(Object(Illuminate\Http\Request))
#35 C:\xampp\htdocs\kaober\vendor\laravel\framework\src\Illuminate\Session\Middleware\StartSession.php(64): Illuminate\Routing\Pipeline->Illuminate\Routing\{closure}(Object(Illuminate\Http\Request))
#36 C:\xampp\htdocs\kaober\vendor\laravel\framework\src\Illuminate\Pipeline\Pipeline.php(148): Illuminate\Session\Middleware\StartSession->handle(Object(Illuminate\Http\Request), Object(Closure))
#37 C:\xampp\htdocs\kaober\vendor\laravel\framework\src\Illuminate\Routing\Pipeline.php(53): Illuminate\Pipeline\Pipeline->Illuminate\Pipeline\{closure}(Object(Illuminate\Http\Request))
#38 C:\xampp\htdocs\kaober\vendor\laravel\framework\src\Illuminate\Cookie\Middleware\AddQueuedCookiesToResponse.php(37): Illuminate\Routing\Pipeline->Illuminate\Routing\{closure}(Object(Illuminate\Http\Request))
#39 C:\xampp\htdocs\kaober\vendor\laravel\framework\src\Illuminate\Pipeline\Pipeline.php(148): Illuminate\Cookie\Middleware\AddQueuedCookiesToResponse->handle(Object(Illuminate\Http\Request), Object(Closure))
#40 C:\xampp\htdocs\kaober\vendor\laravel\framework\src\Illuminate\Routing\Pipeline.php(53): Illuminate\Pipeline\Pipeline->Illuminate\Pipeline\{closure}(Object(Illuminate\Http\Request))
#41 C:\xampp\htdocs\kaober\vendor\laravel\framework\src\Illuminate\Cookie\Middleware\EncryptCookies.php(59): Illuminate\Routing\Pipeline->Illuminate\Routing\{closure}(Object(Illuminate\Http\Request))
#42 C:\xampp\htdocs\kaober\vendor\laravel\framework\src\Illuminate\Pipeline\Pipeline.php(148): Illuminate\Cookie\Middleware\EncryptCookies->handle(Object(Illuminate\Http\Request), Object(Closure))
#43 C:\xampp\htdocs\kaober\vendor\laravel\framework\src\Illuminate\Routing\Pipeline.php(53): Illuminate\Pipeline\Pipeline->Illuminate\Pipeline\{closure}(Object(Illuminate\Http\Request))
#44 C:\xampp\htdocs\kaober\vendor\laravel\framework\src\Illuminate\Pipeline\Pipeline.php(102): Illuminate\Routing\Pipeline->Illuminate\Routing\{closure}(Object(Illuminate\Http\Request))
#45 C:\xampp\htdocs\kaober\vendor\laravel\framework\src\Illuminate\Routing\Router.php(561): Illuminate\Pipeline\Pipeline->then(Object(Closure))
#46 C:\xampp\htdocs\kaober\vendor\laravel\framework\src\Illuminate\Routing\Router.php(520): Illuminate\Routing\Router->runRouteWithinStack(Object(Illuminate\Routing\Route), Object(Illuminate\Http\Request))
#47 C:\xampp\htdocs\kaober\vendor\laravel\framework\src\Illuminate\Routing\Router.php(498): Illuminate\Routing\Router->dispatchToRoute(Object(Illuminate\Http\Request))
#48 C:\xampp\htdocs\kaober\vendor\laravel\framework\src\Illuminate\Foundation\Http\Kernel.php(174): Illuminate\Routing\Router->dispatch(Object(Illuminate\Http\Request))
#49 C:\xampp\htdocs\kaober\vendor\laravel\framework\src\Illuminate\Routing\Pipeline.php(30): Illuminate\Foundation\Http\Kernel->Illuminate\Foundation\Http\{closure}(Object(Illuminate\Http\Request))
#50 C:\xampp\htdocs\kaober\app\Http\Middleware\LanguageSelector.php(23): Illuminate\Routing\Pipeline->Illuminate\Routing\{closure}(Object(Illuminate\Http\Request))
#51 C:\xampp\htdocs\kaober\vendor\laravel\framework\src\Illuminate\Pipeline\Pipeline.php(148): App\Http\Middleware\LanguageSelector->handle(Object(Illuminate\Http\Request), Object(Closure))
#52 C:\xampp\htdocs\kaober\vendor\laravel\framework\src\Illuminate\Routing\Pipeline.php(53): Illuminate\Pipeline\Pipeline->Illuminate\Pipeline\{closure}(Object(Illuminate\Http\Request))
#53 C:\xampp\htdocs\kaober\vendor\laravel\framework\src\Illuminate\Foundation\Http\Middleware\TransformsRequest.php(30): Illuminate\Routing\Pipeline->Illuminate\Routing\{closure}(Object(Illuminate\Http\Request))
#54 C:\xampp\htdocs\kaober\vendor\laravel\framework\src\Illuminate\Pipeline\Pipeline.php(148): Illuminate\Foundation\Http\Middleware\TransformsRequest->handle(Object(Illuminate\Http\Request), Object(Closure))
#55 C:\xampp\htdocs\kaober\vendor\laravel\framework\src\Illuminate\Routing\Pipeline.php(53): Illuminate\Pipeline\Pipeline->Illuminate\Pipeline\{closure}(Object(Illuminate\Http\Request))
#56 C:\xampp\htdocs\kaober\vendor\laravel\framework\src\Illuminate\Foundation\Http\Middleware\TransformsRequest.php(30): Illuminate\Routing\Pipeline->Illuminate\Routing\{closure}(Object(Illuminate\Http\Request))
#57 C:\xampp\htdocs\kaober\vendor\laravel\framework\src\Illuminate\Pipeline\Pipeline.php(148): Illuminate\Foundation\Http\Middleware\TransformsRequest->handle(Object(Illuminate\Http\Request), Object(Closure))
#58 C:\xampp\htdocs\kaober\vendor\laravel\framework\src\Illuminate\Routing\Pipeline.php(53): Illuminate\Pipeline\Pipeline->Illuminate\Pipeline\{closure}(Object(Illuminate\Http\Request))
#59 C:\xampp\htdocs\kaober\vendor\laravel\framework\src\Illuminate\Foundation\Http\Middleware\ValidatePostSize.php(27): Illuminate\Routing\Pipeline->Illuminate\Routing\{closure}(Object(Illuminate\Http\Request))
#60 C:\xampp\htdocs\kaober\vendor\laravel\framework\src\Illuminate\Pipeline\Pipeline.php(148): Illuminate\Foundation\Http\Middleware\ValidatePostSize->handle(Object(Illuminate\Http\Request), Object(Closure))
#61 C:\xampp\htdocs\kaober\vendor\laravel\framework\src\Illuminate\Routing\Pipeline.php(53): Illuminate\Pipeline\Pipeline->Illuminate\Pipeline\{closure}(Object(Illuminate\Http\Request))
#62 C:\xampp\htdocs\kaober\vendor\laravel\framework\src\Illuminate\Foundation\Http\Middleware\CheckForMaintenanceMode.php(46): Illuminate\Routing\Pipeline->Illuminate\Routing\{closure}(Object(Illuminate\Http\Request))
#63 C:\xampp\htdocs\kaober\vendor\laravel\framework\src\Illuminate\Pipeline\Pipeline.php(148): Illuminate\Foundation\Http\Middleware\CheckForMaintenanceMode->handle(Object(Illuminate\Http\Request), Object(Closure))
#64 C:\xampp\htdocs\kaober\vendor\laravel\framework\src\Illuminate\Routing\Pipeline.php(53): Illuminate\Pipeline\Pipeline->Illuminate\Pipeline\{closure}(Object(Illuminate\Http\Request))
#65 C:\xampp\htdocs\kaober\vendor\laravel\framework\src\Illuminate\Pipeline\Pipeline.php(102): Illuminate\Routing\Pipeline->Illuminate\Routing\{closure}(Object(Illuminate\Http\Request))
#66 C:\xampp\htdocs\kaober\vendor\laravel\framework\src\Illuminate\Foundation\Http\Kernel.php(149): Illuminate\Pipeline\Pipeline->then(Object(Closure))
#67 C:\xampp\htdocs\kaober\vendor\laravel\framework\src\Illuminate\Foundation\Http\Kernel.php(116): Illuminate\Foundation\Http\Kernel->sendRequestThroughRouter(Object(Illuminate\Http\Request))
#68 C:\xampp\htdocs\kaober\public\index.php(54): Illuminate\Foundation\Http\Kernel->handle(Object(Illuminate\Http\Request))
#69 {main}  
[2017-08-17 01:27:21] local.ERROR: exception 'Laravel\Socialite\Two\InvalidStateException' in C:\xampp\htdocs\kaober\vendor\laravel\socialite\src\Two\AbstractProvider.php:200
Stack trace:
#0 C:\xampp\htdocs\kaober\Modules\Version1\Http\Controllers\FacebookController.php(35): Laravel\Socialite\Two\AbstractProvider->user()
#1 [internal function]: Modules\Version1\Http\Controllers\FacebookController->handleProviderCallback()
#2 C:\xampp\htdocs\kaober\vendor\laravel\framework\src\Illuminate\Routing\Controller.php(55): call_user_func_array(Array, Array)
#3 C:\xampp\htdocs\kaober\vendor\laravel\framework\src\Illuminate\Routing\ControllerDispatcher.php(44): Illuminate\Routing\Controller->callAction('handleProviderC...', Array)
#4 C:\xampp\htdocs\kaober\vendor\laravel\framework\src\Illuminate\Routing\Route.php(204): Illuminate\Routing\ControllerDispatcher->dispatch(Object(Illuminate\Routing\Route), Object(Modules\Version1\Http\Controllers\FacebookController), 'handleProviderC...')
#5 C:\xampp\htdocs\kaober\vendor\laravel\framework\src\Illuminate\Routing\Route.php(160): Illuminate\Routing\Route->runController()
#6 C:\xampp\htdocs\kaober\vendor\laravel\framework\src\Illuminate\Routing\Router.php(559): Illuminate\Routing\Route->run()
#7 C:\xampp\htdocs\kaober\vendor\laravel\framework\src\Illuminate\Routing\Pipeline.php(30): Illuminate\Routing\Router->Illuminate\Routing\{closure}(Object(Illuminate\Http\Request))
#8 C:\xampp\htdocs\kaober\vendor\laravel\framework\src\Illuminate\Routing\Middleware\SubstituteBindings.php(41): Illuminate\Routing\Pipeline->Illuminate\Routing\{closure}(Object(Illuminate\Http\Request))
#9 C:\xampp\htdocs\kaober\vendor\laravel\framework\src\Illuminate\Pipeline\Pipeline.php(148): Illuminate\Routing\Middleware\SubstituteBindings->handle(Object(Illuminate\Http\Request), Object(Closure))
#10 C:\xampp\htdocs\kaober\vendor\laravel\framework\src\Illuminate\Routing\Pipeline.php(53): Illuminate\Pipeline\Pipeline->Illuminate\Pipeline\{closure}(Object(Illuminate\Http\Request))
#11 C:\xampp\htdocs\kaober\vendor\laravel\framework\src\Illuminate\Foundation\Http\Middleware\VerifyCsrfToken.php(65): Illuminate\Routing\Pipeline->Illuminate\Routing\{closure}(Object(Illuminate\Http\Request))
#12 C:\xampp\htdocs\kaober\vendor\laravel\framework\src\Illuminate\Pipeline\Pipeline.php(148): Illuminate\Foundation\Http\Middleware\VerifyCsrfToken->handle(Object(Illuminate\Http\Request), Object(Closure))
#13 C:\xampp\htdocs\kaober\vendor\laravel\framework\src\Illuminate\Routing\Pipeline.php(53): Illuminate\Pipeline\Pipeline->Illuminate\Pipeline\{closure}(Object(Illuminate\Http\Request))
#14 C:\xampp\htdocs\kaober\vendor\laravel\framework\src\Illuminate\View\Middleware\ShareErrorsFromSession.php(49): Illuminate\Routing\Pipeline->Illuminate\Routing\{closure}(Object(Illuminate\Http\Request))
#15 C:\xampp\htdocs\kaober\vendor\laravel\framework\src\Illuminate\Pipeline\Pipeline.php(148): Illuminate\View\Middleware\ShareErrorsFromSession->handle(Object(Illuminate\Http\Request), Object(Closure))
#16 C:\xampp\htdocs\kaober\vendor\laravel\framework\src\Illuminate\Routing\Pipeline.php(53): Illuminate\Pipeline\Pipeline->Illuminate\Pipeline\{closure}(Object(Illuminate\Http\Request))
#17 C:\xampp\htdocs\kaober\vendor\laravel\framework\src\Illuminate\Session\Middleware\StartSession.php(64): Illuminate\Routing\Pipeline->Illuminate\Routing\{closure}(Object(Illuminate\Http\Request))
#18 C:\xampp\htdocs\kaober\vendor\laravel\framework\src\Illuminate\Pipeline\Pipeline.php(148): Illuminate\Session\Middleware\StartSession->handle(Object(Illuminate\Http\Request), Object(Closure))
#19 C:\xampp\htdocs\kaober\vendor\laravel\framework\src\Illuminate\Routing\Pipeline.php(53): Illuminate\Pipeline\Pipeline->Illuminate\Pipeline\{closure}(Object(Illuminate\Http\Request))
#20 C:\xampp\htdocs\kaober\vendor\laravel\framework\src\Illuminate\Cookie\Middleware\AddQueuedCookiesToResponse.php(37): Illuminate\Routing\Pipeline->Illuminate\Routing\{closure}(Object(Illuminate\Http\Request))
#21 C:\xampp\htdocs\kaober\vendor\laravel\framework\src\Illuminate\Pipeline\Pipeline.php(148): Illuminate\Cookie\Middleware\AddQueuedCookiesToResponse->handle(Object(Illuminate\Http\Request), Object(Closure))
#22 C:\xampp\htdocs\kaober\vendor\laravel\framework\src\Illuminate\Routing\Pipeline.php(53): Illuminate\Pipeline\Pipeline->Illuminate\Pipeline\{closure}(Object(Illuminate\Http\Request))
#23 C:\xampp\htdocs\kaober\vendor\laravel\framework\src\Illuminate\Cookie\Middleware\EncryptCookies.php(59): Illuminate\Routing\Pipeline->Illuminate\Routing\{closure}(Object(Illuminate\Http\Request))
#24 C:\xampp\htdocs\kaober\vendor\laravel\framework\src\Illuminate\Pipeline\Pipeline.php(148): Illuminate\Cookie\Middleware\EncryptCookies->handle(Object(Illuminate\Http\Request), Object(Closure))
#25 C:\xampp\htdocs\kaober\vendor\laravel\framework\src\Illuminate\Routing\Pipeline.php(53): Illuminate\Pipeline\Pipeline->Illuminate\Pipeline\{closure}(Object(Illuminate\Http\Request))
#26 C:\xampp\htdocs\kaober\vendor\laravel\framework\src\Illuminate\Pipeline\Pipeline.php(102): Illuminate\Routing\Pipeline->Illuminate\Routing\{closure}(Object(Illuminate\Http\Request))
#27 C:\xampp\htdocs\kaober\vendor\laravel\framework\src\Illuminate\Routing\Router.php(561): Illuminate\Pipeline\Pipeline->then(Object(Closure))
#28 C:\xampp\htdocs\kaober\vendor\laravel\framework\src\Illuminate\Routing\Router.php(520): Illuminate\Routing\Router->runRouteWithinStack(Object(Illuminate\Routing\Route), Object(Illuminate\Http\Request))
#29 C:\xampp\htdocs\kaober\vendor\laravel\framework\src\Illuminate\Routing\Router.php(498): Illuminate\Routing\Router->dispatchToRoute(Object(Illuminate\Http\Request))
#30 C:\xampp\htdocs\kaober\vendor\laravel\framework\src\Illuminate\Foundation\Http\Kernel.php(174): Illuminate\Routing\Router->dispatch(Object(Illuminate\Http\Request))
#31 C:\xampp\htdocs\kaober\vendor\laravel\framework\src\Illuminate\Routing\Pipeline.php(30): Illuminate\Foundation\Http\Kernel->Illuminate\Foundation\Http\{closure}(Object(Illuminate\Http\Request))
#32 C:\xampp\htdocs\kaober\app\Http\Middleware\LanguageSelector.php(23): Illuminate\Routing\Pipeline->Illuminate\Routing\{closure}(Object(Illuminate\Http\Request))
#33 C:\xampp\htdocs\kaober\vendor\laravel\framework\src\Illuminate\Pipeline\Pipeline.php(148): App\Http\Middleware\LanguageSelector->handle(Object(Illuminate\Http\Request), Object(Closure))
#34 C:\xampp\htdocs\kaober\vendor\laravel\framework\src\Illuminate\Routing\Pipeline.php(53): Illuminate\Pipeline\Pipeline->Illuminate\Pipeline\{closure}(Object(Illuminate\Http\Request))
#35 C:\xampp\htdocs\kaober\vendor\laravel\framework\src\Illuminate\Foundation\Http\Middleware\TransformsRequest.php(30): Illuminate\Routing\Pipeline->Illuminate\Routing\{closure}(Object(Illuminate\Http\Request))
#36 C:\xampp\htdocs\kaober\vendor\laravel\framework\src\Illuminate\Pipeline\Pipeline.php(148): Illuminate\Foundation\Http\Middleware\TransformsRequest->handle(Object(Illuminate\Http\Request), Object(Closure))
#37 C:\xampp\htdocs\kaober\vendor\laravel\framework\src\Illuminate\Routing\Pipeline.php(53): Illuminate\Pipeline\Pipeline->Illuminate\Pipeline\{closure}(Object(Illuminate\Http\Request))
#38 C:\xampp\htdocs\kaober\vendor\laravel\framework\src\Illuminate\Foundation\Http\Middleware\TransformsRequest.php(30): Illuminate\Routing\Pipeline->Illuminate\Routing\{closure}(Object(Illuminate\Http\Request))
#39 C:\xampp\htdocs\kaober\vendor\laravel\framework\src\Illuminate\Pipeline\Pipeline.php(148): Illuminate\Foundation\Http\Middleware\TransformsRequest->handle(Object(Illuminate\Http\Request), Object(Closure))
#40 C:\xampp\htdocs\kaober\vendor\laravel\framework\src\Illuminate\Routing\Pipeline.php(53): Illuminate\Pipeline\Pipeline->Illuminate\Pipeline\{closure}(Object(Illuminate\Http\Request))
#41 C:\xampp\htdocs\kaober\vendor\laravel\framework\src\Illuminate\Foundation\Http\Middleware\ValidatePostSize.php(27): Illuminate\Routing\Pipeline->Illuminate\Routing\{closure}(Object(Illuminate\Http\Request))
#42 C:\xampp\htdocs\kaober\vendor\laravel\framework\src\Illuminate\Pipeline\Pipeline.php(148): Illuminate\Foundation\Http\Middleware\ValidatePostSize->handle(Object(Illuminate\Http\Request), Object(Closure))
#43 C:\xampp\htdocs\kaober\vendor\laravel\framework\src\Illuminate\Routing\Pipeline.php(53): Illuminate\Pipeline\Pipeline->Illuminate\Pipeline\{closure}(Object(Illuminate\Http\Request))
#44 C:\xampp\htdocs\kaober\vendor\laravel\framework\src\Illuminate\Foundation\Http\Middleware\CheckForMaintenanceMode.php(46): Illuminate\Routing\Pipeline->Illuminate\Routing\{closure}(Object(Illuminate\Http\Request))
#45 C:\xampp\htdocs\kaober\vendor\laravel\framework\src\Illuminate\Pipeline\Pipeline.php(148): Illuminate\Foundation\Http\Middleware\CheckForMaintenanceMode->handle(Object(Illuminate\Http\Request), Object(Closure))
#46 C:\xampp\htdocs\kaober\vendor\laravel\framework\src\Illuminate\Routing\Pipeline.php(53): Illuminate\Pipeline\Pipeline->Illuminate\Pipeline\{closure}(Object(Illuminate\Http\Request))
#47 C:\xampp\htdocs\kaober\vendor\laravel\framework\src\Illuminate\Pipeline\Pipeline.php(102): Illuminate\Routing\Pipeline->Illuminate\Routing\{closure}(Object(Illuminate\Http\Request))
#48 C:\xampp\htdocs\kaober\vendor\laravel\framework\src\Illuminate\Foundation\Http\Kernel.php(149): Illuminate\Pipeline\Pipeline->then(Object(Closure))
#49 C:\xampp\htdocs\kaober\vendor\laravel\framework\src\Illuminate\Foundation\Http\Kernel.php(116): Illuminate\Foundation\Http\Kernel->sendRequestThroughRouter(Object(Illuminate\Http\Request))
#50 C:\xampp\htdocs\kaober\public\index.php(54): Illuminate\Foundation\Http\Kernel->handle(Object(Illuminate\Http\Request))
#51 {main}  
